<?xml version="1.0" encoding="UTF-8"?>
<testsuite xmlns:xsi="http://www.w3.org/2001/XMLSchema-instance" xsi:noNamespaceSchemaLocation="https://maven.apache.org/surefire/maven-surefire-plugin/xsd/surefire-test-report.xsd" version="3.0.2" name="it.realeites.learning.registroelettronicobackend.repository.MeseRepositoryTest$ScenariComplessiTest" time="0.2" tests="3" errors="0" skipped="0" failures="0">
  <properties>
    <property name="java.specification.version" value="24"/>
    <property name="sun.jnu.encoding" value="UTF-8"/>
    <property name="java.class.path" value="/Users/wendyas/Documents/RegistroElettronico_GRUPPO2/target/test-classes:/Users/wendyas/Documents/RegistroElettronico_GRUPPO2/target/classes:/Users/wendyas/.m2/repository/org/springframework/boot/spring-boot-starter/3.4.4/spring-boot-starter-3.4.4.jar:/Users/wendyas/.m2/repository/org/springframework/boot/spring-boot/3.4.4/spring-boot-3.4.4.jar:/Users/wendyas/.m2/repository/org/springframework/spring-context/6.2.5/spring-context-6.2.5.jar:/Users/wendyas/.m2/repository/org/springframework/boot/spring-boot-autoconfigure/3.4.4/spring-boot-autoconfigure-3.4.4.jar:/Users/wendyas/.m2/repository/org/springframework/boot/spring-boot-starter-logging/3.4.4/spring-boot-starter-logging-3.4.4.jar:/Users/wendyas/.m2/repository/ch/qos/logback/logback-classic/1.5.18/logback-classic-1.5.18.jar:/Users/wendyas/.m2/repository/ch/qos/logback/logback-core/1.5.18/logback-core-1.5.18.jar:/Users/wendyas/.m2/repository/org/apache/logging/log4j/log4j-to-slf4j/2.24.3/log4j-to-slf4j-2.24.3.jar:/Users/wendyas/.m2/repository/org/apache/logging/log4j/log4j-api/2.24.3/log4j-api-2.24.3.jar:/Users/wendyas/.m2/repository/org/slf4j/jul-to-slf4j/2.0.17/jul-to-slf4j-2.0.17.jar:/Users/wendyas/.m2/repository/jakarta/annotation/jakarta.annotation-api/2.1.1/jakarta.annotation-api-2.1.1.jar:/Users/wendyas/.m2/repository/org/springframework/spring-core/6.2.5/spring-core-6.2.5.jar:/Users/wendyas/.m2/repository/org/springframework/spring-jcl/6.2.5/spring-jcl-6.2.5.jar:/Users/wendyas/.m2/repository/org/yaml/snakeyaml/2.3/snakeyaml-2.3.jar:/Users/wendyas/.m2/repository/org/springframework/boot/spring-boot-starter-web/3.4.4/spring-boot-starter-web-3.4.4.jar:/Users/wendyas/.m2/repository/org/springframework/boot/spring-boot-starter-json/3.4.4/spring-boot-starter-json-3.4.4.jar:/Users/wendyas/.m2/repository/com/fasterxml/jackson/core/jackson-databind/2.18.3/jackson-databind-2.18.3.jar:/Users/wendyas/.m2/repository/com/fasterxml/jackson/core/jackson-annotations/2.18.3/jackson-annotations-2.18.3.jar:/Users/wendyas/.m2/repository/com/fasterxml/jackson/core/jackson-core/2.18.3/jackson-core-2.18.3.jar:/Users/wendyas/.m2/repository/com/fasterxml/jackson/datatype/jackson-datatype-jdk8/2.18.3/jackson-datatype-jdk8-2.18.3.jar:/Users/wendyas/.m2/repository/com/fasterxml/jackson/datatype/jackson-datatype-jsr310/2.18.3/jackson-datatype-jsr310-2.18.3.jar:/Users/wendyas/.m2/repository/com/fasterxml/jackson/module/jackson-module-parameter-names/2.18.3/jackson-module-parameter-names-2.18.3.jar:/Users/wendyas/.m2/repository/org/springframework/boot/spring-boot-starter-tomcat/3.4.4/spring-boot-starter-tomcat-3.4.4.jar:/Users/wendyas/.m2/repository/org/apache/tomcat/embed/tomcat-embed-core/10.1.39/tomcat-embed-core-10.1.39.jar:/Users/wendyas/.m2/repository/org/apache/tomcat/embed/tomcat-embed-el/10.1.39/tomcat-embed-el-10.1.39.jar:/Users/wendyas/.m2/repository/org/apache/tomcat/embed/tomcat-embed-websocket/10.1.39/tomcat-embed-websocket-10.1.39.jar:/Users/wendyas/.m2/repository/org/springframework/spring-web/6.2.5/spring-web-6.2.5.jar:/Users/wendyas/.m2/repository/org/springframework/spring-beans/6.2.5/spring-beans-6.2.5.jar:/Users/wendyas/.m2/repository/org/springframework/spring-webmvc/6.2.5/spring-webmvc-6.2.5.jar:/Users/wendyas/.m2/repository/org/springframework/spring-aop/6.2.5/spring-aop-6.2.5.jar:/Users/wendyas/.m2/repository/org/springframework/spring-expression/6.2.5/spring-expression-6.2.5.jar:/Users/wendyas/.m2/repository/org/springframework/boot/spring-boot-starter-actuator/3.4.4/spring-boot-starter-actuator-3.4.4.jar:/Users/wendyas/.m2/repository/org/springframework/boot/spring-boot-actuator-autoconfigure/3.4.4/spring-boot-actuator-autoconfigure-3.4.4.jar:/Users/wendyas/.m2/repository/org/springframework/boot/spring-boot-actuator/3.4.4/spring-boot-actuator-3.4.4.jar:/Users/wendyas/.m2/repository/io/micrometer/micrometer-observation/1.14.5/micrometer-observation-1.14.5.jar:/Users/wendyas/.m2/repository/io/micrometer/micrometer-commons/1.14.5/micrometer-commons-1.14.5.jar:/Users/wendyas/.m2/repository/io/micrometer/micrometer-jakarta9/1.14.5/micrometer-jakarta9-1.14.5.jar:/Users/wendyas/.m2/repository/io/micrometer/micrometer-core/1.14.5/micrometer-core-1.14.5.jar:/Users/wendyas/.m2/repository/org/hdrhistogram/HdrHistogram/2.2.2/HdrHistogram-2.2.2.jar:/Users/wendyas/.m2/repository/org/latencyutils/LatencyUtils/2.0.3/LatencyUtils-2.0.3.jar:/Users/wendyas/.m2/repository/org/springframework/boot/spring-boot-starter-data-jpa/3.4.4/spring-boot-starter-data-jpa-3.4.4.jar:/Users/wendyas/.m2/repository/org/springframework/boot/spring-boot-starter-jdbc/3.4.4/spring-boot-starter-jdbc-3.4.4.jar:/Users/wendyas/.m2/repository/com/zaxxer/HikariCP/5.1.0/HikariCP-5.1.0.jar:/Users/wendyas/.m2/repository/org/springframework/spring-jdbc/6.2.5/spring-jdbc-6.2.5.jar:/Users/wendyas/.m2/repository/org/hibernate/orm/hibernate-core/6.6.11.Final/hibernate-core-6.6.11.Final.jar:/Users/wendyas/.m2/repository/jakarta/persistence/jakarta.persistence-api/3.1.0/jakarta.persistence-api-3.1.0.jar:/Users/wendyas/.m2/repository/jakarta/transaction/jakarta.transaction-api/2.0.1/jakarta.transaction-api-2.0.1.jar:/Users/wendyas/.m2/repository/org/jboss/logging/jboss-logging/3.6.1.Final/jboss-logging-3.6.1.Final.jar:/Users/wendyas/.m2/repository/org/hibernate/common/hibernate-commons-annotations/7.0.3.Final/hibernate-commons-annotations-7.0.3.Final.jar:/Users/wendyas/.m2/repository/io/smallrye/jandex/3.2.0/jandex-3.2.0.jar:/Users/wendyas/.m2/repository/com/fasterxml/classmate/1.7.0/classmate-1.7.0.jar:/Users/wendyas/.m2/repository/net/bytebuddy/byte-buddy/1.15.11/byte-buddy-1.15.11.jar:/Users/wendyas/.m2/repository/org/glassfish/jaxb/jaxb-runtime/4.0.5/jaxb-runtime-4.0.5.jar:/Users/wendyas/.m2/repository/org/glassfish/jaxb/jaxb-core/4.0.5/jaxb-core-4.0.5.jar:/Users/wendyas/.m2/repository/org/glassfish/jaxb/txw2/4.0.5/txw2-4.0.5.jar:/Users/wendyas/.m2/repository/com/sun/istack/istack-commons-runtime/4.1.2/istack-commons-runtime-4.1.2.jar:/Users/wendyas/.m2/repository/jakarta/inject/jakarta.inject-api/2.0.1/jakarta.inject-api-2.0.1.jar:/Users/wendyas/.m2/repository/org/antlr/antlr4-runtime/4.13.0/antlr4-runtime-4.13.0.jar:/Users/wendyas/.m2/repository/org/springframework/data/spring-data-jpa/3.4.4/spring-data-jpa-3.4.4.jar:/Users/wendyas/.m2/repository/org/springframework/data/spring-data-commons/3.4.4/spring-data-commons-3.4.4.jar:/Users/wendyas/.m2/repository/org/springframework/spring-orm/6.2.5/spring-orm-6.2.5.jar:/Users/wendyas/.m2/repository/org/springframework/spring-tx/6.2.5/spring-tx-6.2.5.jar:/Users/wendyas/.m2/repository/org/slf4j/slf4j-api/2.0.17/slf4j-api-2.0.17.jar:/Users/wendyas/.m2/repository/org/springframework/spring-aspects/6.2.5/spring-aspects-6.2.5.jar:/Users/wendyas/.m2/repository/org/aspectj/aspectjweaver/1.9.23/aspectjweaver-1.9.23.jar:/Users/wendyas/.m2/repository/org/springframework/boot/spring-boot-starter-mail/3.4.4/spring-boot-starter-mail-3.4.4.jar:/Users/wendyas/.m2/repository/org/springframework/spring-context-support/6.2.5/spring-context-support-6.2.5.jar:/Users/wendyas/.m2/repository/org/eclipse/angus/jakarta.mail/2.0.3/jakarta.mail-2.0.3.jar:/Users/wendyas/.m2/repository/jakarta/activation/jakarta.activation-api/2.1.3/jakarta.activation-api-2.1.3.jar:/Users/wendyas/.m2/repository/org/eclipse/angus/angus-activation/2.0.2/angus-activation-2.0.2.jar:/Users/wendyas/.m2/repository/org/springframework/boot/spring-boot-starter-test/3.4.4/spring-boot-starter-test-3.4.4.jar:/Users/wendyas/.m2/repository/org/springframework/boot/spring-boot-test/3.4.4/spring-boot-test-3.4.4.jar:/Users/wendyas/.m2/repository/org/springframework/boot/spring-boot-test-autoconfigure/3.4.4/spring-boot-test-autoconfigure-3.4.4.jar:/Users/wendyas/.m2/repository/com/jayway/jsonpath/json-path/2.9.0/json-path-2.9.0.jar:/Users/wendyas/.m2/repository/jakarta/xml/bind/jakarta.xml.bind-api/4.0.2/jakarta.xml.bind-api-4.0.2.jar:/Users/wendyas/.m2/repository/net/minidev/json-smart/2.5.2/json-smart-2.5.2.jar:/Users/wendyas/.m2/repository/net/minidev/accessors-smart/2.5.2/accessors-smart-2.5.2.jar:/Users/wendyas/.m2/repository/org/ow2/asm/asm/9.7.1/asm-9.7.1.jar:/Users/wendyas/.m2/repository/org/assertj/assertj-core/3.26.3/assertj-core-3.26.3.jar:/Users/wendyas/.m2/repository/org/awaitility/awaitility/4.2.2/awaitility-4.2.2.jar:/Users/wendyas/.m2/repository/org/hamcrest/hamcrest/2.2/hamcrest-2.2.jar:/Users/wendyas/.m2/repository/org/junit/jupiter/junit-jupiter/5.11.4/junit-jupiter-5.11.4.jar:/Users/wendyas/.m2/repository/org/junit/jupiter/junit-jupiter-api/5.11.4/junit-jupiter-api-5.11.4.jar:/Users/wendyas/.m2/repository/org/opentest4j/opentest4j/1.3.0/opentest4j-1.3.0.jar:/Users/wendyas/.m2/repository/org/junit/platform/junit-platform-commons/1.11.4/junit-platform-commons-1.11.4.jar:/Users/wendyas/.m2/repository/org/apiguardian/apiguardian-api/1.1.2/apiguardian-api-1.1.2.jar:/Users/wendyas/.m2/repository/org/junit/jupiter/junit-jupiter-params/5.11.4/junit-jupiter-params-5.11.4.jar:/Users/wendyas/.m2/repository/org/junit/jupiter/junit-jupiter-engine/5.11.4/junit-jupiter-engine-5.11.4.jar:/Users/wendyas/.m2/repository/org/junit/platform/junit-platform-engine/1.11.4/junit-platform-engine-1.11.4.jar:/Users/wendyas/.m2/repository/org/mockito/mockito-core/5.14.2/mockito-core-5.14.2.jar:/Users/wendyas/.m2/repository/net/bytebuddy/byte-buddy-agent/1.15.11/byte-buddy-agent-1.15.11.jar:/Users/wendyas/.m2/repository/org/objenesis/objenesis/3.3/objenesis-3.3.jar:/Users/wendyas/.m2/repository/org/mockito/mockito-junit-jupiter/5.14.2/mockito-junit-jupiter-5.14.2.jar:/Users/wendyas/.m2/repository/org/skyscreamer/jsonassert/1.5.3/jsonassert-1.5.3.jar:/Users/wendyas/.m2/repository/com/vaadin/external/google/android-json/0.0.20131108.vaadin1/android-json-0.0.20131108.vaadin1.jar:/Users/wendyas/.m2/repository/org/springframework/spring-test/6.2.5/spring-test-6.2.5.jar:/Users/wendyas/.m2/repository/org/xmlunit/xmlunit-core/2.10.0/xmlunit-core-2.10.0.jar:/Users/wendyas/.m2/repository/com/h2database/h2/2.3.232/h2-2.3.232.jar:/Users/wendyas/.m2/repository/org/springdoc/springdoc-openapi-starter-webmvc-ui/2.0.4/springdoc-openapi-starter-webmvc-ui-2.0.4.jar:/Users/wendyas/.m2/repository/org/springdoc/springdoc-openapi-starter-webmvc-api/2.0.4/springdoc-openapi-starter-webmvc-api-2.0.4.jar:/Users/wendyas/.m2/repository/org/springdoc/springdoc-openapi-starter-common/2.0.4/springdoc-openapi-starter-common-2.0.4.jar:/Users/wendyas/.m2/repository/io/swagger/core/v3/swagger-core-jakarta/2.2.8/swagger-core-jakarta-2.2.8.jar:/Users/wendyas/.m2/repository/org/apache/commons/commons-lang3/3.17.0/commons-lang3-3.17.0.jar:/Users/wendyas/.m2/repository/io/swagger/core/v3/swagger-annotations-jakarta/2.2.8/swagger-annotations-jakarta-2.2.8.jar:/Users/wendyas/.m2/repository/io/swagger/core/v3/swagger-models-jakarta/2.2.8/swagger-models-jakarta-2.2.8.jar:/Users/wendyas/.m2/repository/jakarta/validation/jakarta.validation-api/3.0.2/jakarta.validation-api-3.0.2.jar:/Users/wendyas/.m2/repository/com/fasterxml/jackson/dataformat/jackson-dataformat-yaml/2.18.3/jackson-dataformat-yaml-2.18.3.jar:/Users/wendyas/.m2/repository/org/webjars/swagger-ui/4.18.1/swagger-ui-4.18.1.jar:/Users/wendyas/.m2/repository/org/webjars/webjars-locator-core/0.59/webjars-locator-core-0.59.jar:/Users/wendyas/.m2/repository/io/github/classgraph/classgraph/4.8.149/classgraph-4.8.149.jar:"/>
    <property name="java.vm.vendor" value="Eclipse Adoptium"/>
    <property name="sun.arch.data.model" value="64"/>
    <property name="java.vendor.url" value="https://adoptium.net/"/>
    <property name="user.timezone" value="Europe/Rome"/>
    <property name="org.jboss.logging.provider" value="slf4j"/>
    <property name="os.name" value="Mac OS X"/>
    <property name="java.vm.specification.version" value="24"/>
    <property name="sun.java.launcher" value="SUN_STANDARD"/>
    <property name="user.country" value="IT"/>
    <property name="sun.boot.library.path" value="/Users/wendyas/Library/Application Support/Code/User/globalStorage/pleiades.java-extension-pack-jdk/java/latest/lib"/>
    <property name="sun.java.command" value="/Users/wendyas/Documents/RegistroElettronico_GRUPPO2/target/surefire/surefirebooter-20250709164613679_3.jar /Users/wendyas/Documents/RegistroElettronico_GRUPPO2/target/surefire 2025-07-09T16-46-13_632-jvmRun1 surefire-20250709164613679_1tmp surefire_0-20250709164613679_2tmp"/>
    <property name="http.nonProxyHosts" value="local|*.local|169.254/16|*.169.254/16"/>
    <property name="jdk.debug" value="release"/>
    <property name="surefire.test.class.path" value="/Users/wendyas/Documents/RegistroElettronico_GRUPPO2/target/test-classes:/Users/wendyas/Documents/RegistroElettronico_GRUPPO2/target/classes:/Users/wendyas/.m2/repository/org/springframework/boot/spring-boot-starter/3.4.4/spring-boot-starter-3.4.4.jar:/Users/wendyas/.m2/repository/org/springframework/boot/spring-boot/3.4.4/spring-boot-3.4.4.jar:/Users/wendyas/.m2/repository/org/springframework/spring-context/6.2.5/spring-context-6.2.5.jar:/Users/wendyas/.m2/repository/org/springframework/boot/spring-boot-autoconfigure/3.4.4/spring-boot-autoconfigure-3.4.4.jar:/Users/wendyas/.m2/repository/org/springframework/boot/spring-boot-starter-logging/3.4.4/spring-boot-starter-logging-3.4.4.jar:/Users/wendyas/.m2/repository/ch/qos/logback/logback-classic/1.5.18/logback-classic-1.5.18.jar:/Users/wendyas/.m2/repository/ch/qos/logback/logback-core/1.5.18/logback-core-1.5.18.jar:/Users/wendyas/.m2/repository/org/apache/logging/log4j/log4j-to-slf4j/2.24.3/log4j-to-slf4j-2.24.3.jar:/Users/wendyas/.m2/repository/org/apache/logging/log4j/log4j-api/2.24.3/log4j-api-2.24.3.jar:/Users/wendyas/.m2/repository/org/slf4j/jul-to-slf4j/2.0.17/jul-to-slf4j-2.0.17.jar:/Users/wendyas/.m2/repository/jakarta/annotation/jakarta.annotation-api/2.1.1/jakarta.annotation-api-2.1.1.jar:/Users/wendyas/.m2/repository/org/springframework/spring-core/6.2.5/spring-core-6.2.5.jar:/Users/wendyas/.m2/repository/org/springframework/spring-jcl/6.2.5/spring-jcl-6.2.5.jar:/Users/wendyas/.m2/repository/org/yaml/snakeyaml/2.3/snakeyaml-2.3.jar:/Users/wendyas/.m2/repository/org/springframework/boot/spring-boot-starter-web/3.4.4/spring-boot-starter-web-3.4.4.jar:/Users/wendyas/.m2/repository/org/springframework/boot/spring-boot-starter-json/3.4.4/spring-boot-starter-json-3.4.4.jar:/Users/wendyas/.m2/repository/com/fasterxml/jackson/core/jackson-databind/2.18.3/jackson-databind-2.18.3.jar:/Users/wendyas/.m2/repository/com/fasterxml/jackson/core/jackson-annotations/2.18.3/jackson-annotations-2.18.3.jar:/Users/wendyas/.m2/repository/com/fasterxml/jackson/core/jackson-core/2.18.3/jackson-core-2.18.3.jar:/Users/wendyas/.m2/repository/com/fasterxml/jackson/datatype/jackson-datatype-jdk8/2.18.3/jackson-datatype-jdk8-2.18.3.jar:/Users/wendyas/.m2/repository/com/fasterxml/jackson/datatype/jackson-datatype-jsr310/2.18.3/jackson-datatype-jsr310-2.18.3.jar:/Users/wendyas/.m2/repository/com/fasterxml/jackson/module/jackson-module-parameter-names/2.18.3/jackson-module-parameter-names-2.18.3.jar:/Users/wendyas/.m2/repository/org/springframework/boot/spring-boot-starter-tomcat/3.4.4/spring-boot-starter-tomcat-3.4.4.jar:/Users/wendyas/.m2/repository/org/apache/tomcat/embed/tomcat-embed-core/10.1.39/tomcat-embed-core-10.1.39.jar:/Users/wendyas/.m2/repository/org/apache/tomcat/embed/tomcat-embed-el/10.1.39/tomcat-embed-el-10.1.39.jar:/Users/wendyas/.m2/repository/org/apache/tomcat/embed/tomcat-embed-websocket/10.1.39/tomcat-embed-websocket-10.1.39.jar:/Users/wendyas/.m2/repository/org/springframework/spring-web/6.2.5/spring-web-6.2.5.jar:/Users/wendyas/.m2/repository/org/springframework/spring-beans/6.2.5/spring-beans-6.2.5.jar:/Users/wendyas/.m2/repository/org/springframework/spring-webmvc/6.2.5/spring-webmvc-6.2.5.jar:/Users/wendyas/.m2/repository/org/springframework/spring-aop/6.2.5/spring-aop-6.2.5.jar:/Users/wendyas/.m2/repository/org/springframework/spring-expression/6.2.5/spring-expression-6.2.5.jar:/Users/wendyas/.m2/repository/org/springframework/boot/spring-boot-starter-actuator/3.4.4/spring-boot-starter-actuator-3.4.4.jar:/Users/wendyas/.m2/repository/org/springframework/boot/spring-boot-actuator-autoconfigure/3.4.4/spring-boot-actuator-autoconfigure-3.4.4.jar:/Users/wendyas/.m2/repository/org/springframework/boot/spring-boot-actuator/3.4.4/spring-boot-actuator-3.4.4.jar:/Users/wendyas/.m2/repository/io/micrometer/micrometer-observation/1.14.5/micrometer-observation-1.14.5.jar:/Users/wendyas/.m2/repository/io/micrometer/micrometer-commons/1.14.5/micrometer-commons-1.14.5.jar:/Users/wendyas/.m2/repository/io/micrometer/micrometer-jakarta9/1.14.5/micrometer-jakarta9-1.14.5.jar:/Users/wendyas/.m2/repository/io/micrometer/micrometer-core/1.14.5/micrometer-core-1.14.5.jar:/Users/wendyas/.m2/repository/org/hdrhistogram/HdrHistogram/2.2.2/HdrHistogram-2.2.2.jar:/Users/wendyas/.m2/repository/org/latencyutils/LatencyUtils/2.0.3/LatencyUtils-2.0.3.jar:/Users/wendyas/.m2/repository/org/springframework/boot/spring-boot-starter-data-jpa/3.4.4/spring-boot-starter-data-jpa-3.4.4.jar:/Users/wendyas/.m2/repository/org/springframework/boot/spring-boot-starter-jdbc/3.4.4/spring-boot-starter-jdbc-3.4.4.jar:/Users/wendyas/.m2/repository/com/zaxxer/HikariCP/5.1.0/HikariCP-5.1.0.jar:/Users/wendyas/.m2/repository/org/springframework/spring-jdbc/6.2.5/spring-jdbc-6.2.5.jar:/Users/wendyas/.m2/repository/org/hibernate/orm/hibernate-core/6.6.11.Final/hibernate-core-6.6.11.Final.jar:/Users/wendyas/.m2/repository/jakarta/persistence/jakarta.persistence-api/3.1.0/jakarta.persistence-api-3.1.0.jar:/Users/wendyas/.m2/repository/jakarta/transaction/jakarta.transaction-api/2.0.1/jakarta.transaction-api-2.0.1.jar:/Users/wendyas/.m2/repository/org/jboss/logging/jboss-logging/3.6.1.Final/jboss-logging-3.6.1.Final.jar:/Users/wendyas/.m2/repository/org/hibernate/common/hibernate-commons-annotations/7.0.3.Final/hibernate-commons-annotations-7.0.3.Final.jar:/Users/wendyas/.m2/repository/io/smallrye/jandex/3.2.0/jandex-3.2.0.jar:/Users/wendyas/.m2/repository/com/fasterxml/classmate/1.7.0/classmate-1.7.0.jar:/Users/wendyas/.m2/repository/net/bytebuddy/byte-buddy/1.15.11/byte-buddy-1.15.11.jar:/Users/wendyas/.m2/repository/org/glassfish/jaxb/jaxb-runtime/4.0.5/jaxb-runtime-4.0.5.jar:/Users/wendyas/.m2/repository/org/glassfish/jaxb/jaxb-core/4.0.5/jaxb-core-4.0.5.jar:/Users/wendyas/.m2/repository/org/glassfish/jaxb/txw2/4.0.5/txw2-4.0.5.jar:/Users/wendyas/.m2/repository/com/sun/istack/istack-commons-runtime/4.1.2/istack-commons-runtime-4.1.2.jar:/Users/wendyas/.m2/repository/jakarta/inject/jakarta.inject-api/2.0.1/jakarta.inject-api-2.0.1.jar:/Users/wendyas/.m2/repository/org/antlr/antlr4-runtime/4.13.0/antlr4-runtime-4.13.0.jar:/Users/wendyas/.m2/repository/org/springframework/data/spring-data-jpa/3.4.4/spring-data-jpa-3.4.4.jar:/Users/wendyas/.m2/repository/org/springframework/data/spring-data-commons/3.4.4/spring-data-commons-3.4.4.jar:/Users/wendyas/.m2/repository/org/springframework/spring-orm/6.2.5/spring-orm-6.2.5.jar:/Users/wendyas/.m2/repository/org/springframework/spring-tx/6.2.5/spring-tx-6.2.5.jar:/Users/wendyas/.m2/repository/org/slf4j/slf4j-api/2.0.17/slf4j-api-2.0.17.jar:/Users/wendyas/.m2/repository/org/springframework/spring-aspects/6.2.5/spring-aspects-6.2.5.jar:/Users/wendyas/.m2/repository/org/aspectj/aspectjweaver/1.9.23/aspectjweaver-1.9.23.jar:/Users/wendyas/.m2/repository/org/springframework/boot/spring-boot-starter-mail/3.4.4/spring-boot-starter-mail-3.4.4.jar:/Users/wendyas/.m2/repository/org/springframework/spring-context-support/6.2.5/spring-context-support-6.2.5.jar:/Users/wendyas/.m2/repository/org/eclipse/angus/jakarta.mail/2.0.3/jakarta.mail-2.0.3.jar:/Users/wendyas/.m2/repository/jakarta/activation/jakarta.activation-api/2.1.3/jakarta.activation-api-2.1.3.jar:/Users/wendyas/.m2/repository/org/eclipse/angus/angus-activation/2.0.2/angus-activation-2.0.2.jar:/Users/wendyas/.m2/repository/org/springframework/boot/spring-boot-starter-test/3.4.4/spring-boot-starter-test-3.4.4.jar:/Users/wendyas/.m2/repository/org/springframework/boot/spring-boot-test/3.4.4/spring-boot-test-3.4.4.jar:/Users/wendyas/.m2/repository/org/springframework/boot/spring-boot-test-autoconfigure/3.4.4/spring-boot-test-autoconfigure-3.4.4.jar:/Users/wendyas/.m2/repository/com/jayway/jsonpath/json-path/2.9.0/json-path-2.9.0.jar:/Users/wendyas/.m2/repository/jakarta/xml/bind/jakarta.xml.bind-api/4.0.2/jakarta.xml.bind-api-4.0.2.jar:/Users/wendyas/.m2/repository/net/minidev/json-smart/2.5.2/json-smart-2.5.2.jar:/Users/wendyas/.m2/repository/net/minidev/accessors-smart/2.5.2/accessors-smart-2.5.2.jar:/Users/wendyas/.m2/repository/org/ow2/asm/asm/9.7.1/asm-9.7.1.jar:/Users/wendyas/.m2/repository/org/assertj/assertj-core/3.26.3/assertj-core-3.26.3.jar:/Users/wendyas/.m2/repository/org/awaitility/awaitility/4.2.2/awaitility-4.2.2.jar:/Users/wendyas/.m2/repository/org/hamcrest/hamcrest/2.2/hamcrest-2.2.jar:/Users/wendyas/.m2/repository/org/junit/jupiter/junit-jupiter/5.11.4/junit-jupiter-5.11.4.jar:/Users/wendyas/.m2/repository/org/junit/jupiter/junit-jupiter-api/5.11.4/junit-jupiter-api-5.11.4.jar:/Users/wendyas/.m2/repository/org/opentest4j/opentest4j/1.3.0/opentest4j-1.3.0.jar:/Users/wendyas/.m2/repository/org/junit/platform/junit-platform-commons/1.11.4/junit-platform-commons-1.11.4.jar:/Users/wendyas/.m2/repository/org/apiguardian/apiguardian-api/1.1.2/apiguardian-api-1.1.2.jar:/Users/wendyas/.m2/repository/org/junit/jupiter/junit-jupiter-params/5.11.4/junit-jupiter-params-5.11.4.jar:/Users/wendyas/.m2/repository/org/junit/jupiter/junit-jupiter-engine/5.11.4/junit-jupiter-engine-5.11.4.jar:/Users/wendyas/.m2/repository/org/junit/platform/junit-platform-engine/1.11.4/junit-platform-engine-1.11.4.jar:/Users/wendyas/.m2/repository/org/mockito/mockito-core/5.14.2/mockito-core-5.14.2.jar:/Users/wendyas/.m2/repository/net/bytebuddy/byte-buddy-agent/1.15.11/byte-buddy-agent-1.15.11.jar:/Users/wendyas/.m2/repository/org/objenesis/objenesis/3.3/objenesis-3.3.jar:/Users/wendyas/.m2/repository/org/mockito/mockito-junit-jupiter/5.14.2/mockito-junit-jupiter-5.14.2.jar:/Users/wendyas/.m2/repository/org/skyscreamer/jsonassert/1.5.3/jsonassert-1.5.3.jar:/Users/wendyas/.m2/repository/com/vaadin/external/google/android-json/0.0.20131108.vaadin1/android-json-0.0.20131108.vaadin1.jar:/Users/wendyas/.m2/repository/org/springframework/spring-test/6.2.5/spring-test-6.2.5.jar:/Users/wendyas/.m2/repository/org/xmlunit/xmlunit-core/2.10.0/xmlunit-core-2.10.0.jar:/Users/wendyas/.m2/repository/com/h2database/h2/2.3.232/h2-2.3.232.jar:/Users/wendyas/.m2/repository/org/springdoc/springdoc-openapi-starter-webmvc-ui/2.0.4/springdoc-openapi-starter-webmvc-ui-2.0.4.jar:/Users/wendyas/.m2/repository/org/springdoc/springdoc-openapi-starter-webmvc-api/2.0.4/springdoc-openapi-starter-webmvc-api-2.0.4.jar:/Users/wendyas/.m2/repository/org/springdoc/springdoc-openapi-starter-common/2.0.4/springdoc-openapi-starter-common-2.0.4.jar:/Users/wendyas/.m2/repository/io/swagger/core/v3/swagger-core-jakarta/2.2.8/swagger-core-jakarta-2.2.8.jar:/Users/wendyas/.m2/repository/org/apache/commons/commons-lang3/3.17.0/commons-lang3-3.17.0.jar:/Users/wendyas/.m2/repository/io/swagger/core/v3/swagger-annotations-jakarta/2.2.8/swagger-annotations-jakarta-2.2.8.jar:/Users/wendyas/.m2/repository/io/swagger/core/v3/swagger-models-jakarta/2.2.8/swagger-models-jakarta-2.2.8.jar:/Users/wendyas/.m2/repository/jakarta/validation/jakarta.validation-api/3.0.2/jakarta.validation-api-3.0.2.jar:/Users/wendyas/.m2/repository/com/fasterxml/jackson/dataformat/jackson-dataformat-yaml/2.18.3/jackson-dataformat-yaml-2.18.3.jar:/Users/wendyas/.m2/repository/org/webjars/swagger-ui/4.18.1/swagger-ui-4.18.1.jar:/Users/wendyas/.m2/repository/org/webjars/webjars-locator-core/0.59/webjars-locator-core-0.59.jar:/Users/wendyas/.m2/repository/io/github/classgraph/classgraph/4.8.149/classgraph-4.8.149.jar:"/>
    <property name="sun.cpu.endian" value="little"/>
    <property name="user.home" value="/Users/wendyas"/>
    <property name="user.language" value="en"/>
    <property name="java.specification.vendor" value="Oracle Corporation"/>
    <property name="java.version.date" value="2025-04-15"/>
    <property name="java.home" value="/Users/wendyas/Library/Application Support/Code/User/globalStorage/pleiades.java-extension-pack-jdk/java/latest"/>
    <property name="file.separator" value="/"/>
    <property name="basedir" value="/Users/wendyas/Documents/RegistroElettronico_GRUPPO2"/>
    <property name="java.vm.compressedOopsMode" value="Zero based"/>
    <property name="line.separator" value="&#10;"/>
    <property name="java.vm.specification.vendor" value="Oracle Corporation"/>
    <property name="java.specification.name" value="Java Platform API Specification"/>
    <property name="FILE_LOG_CHARSET" value="UTF-8"/>
    <property name="java.awt.headless" value="true"/>
    <property name="apple.awt.application.name" value="ForkedBooter"/>
    <property name="surefire.real.class.path" value="/Users/wendyas/Documents/RegistroElettronico_GRUPPO2/target/surefire/surefirebooter-20250709164613679_3.jar"/>
    <property name="sun.management.compiler" value="HotSpot 64-Bit Tiered Compilers"/>
    <property name="ftp.nonProxyHosts" value="local|*.local|169.254/16|*.169.254/16"/>
    <property name="java.runtime.version" value="24.0.1+9"/>
    <property name="user.name" value="wendyas"/>
    <property name="stdout.encoding" value="UTF-8"/>
    <property name="path.separator" value=":"/>
    <property name="os.version" value="15.5"/>
    <property name="java.runtime.name" value="OpenJDK Runtime Environment"/>
    <property name="file.encoding" value="UTF-8"/>
    <property name="java.vm.name" value="OpenJDK 64-Bit Server VM"/>
    <property name="java.vendor.version" value="Temurin-24.0.1+9"/>
    <property name="localRepository" value="/Users/wendyas/.m2/repository"/>
    <property name="java.vendor.url.bug" value="https://github.com/adoptium/adoptium-support/issues"/>
    <property name="java.io.tmpdir" value="/var/folders/86/3rhvm6x55574fjd1l21j_4y80000gn/T/"/>
    <property name="java.version" value="24.0.1"/>
    <property name="user.dir" value="/Users/wendyas/Documents/RegistroElettronico_GRUPPO2"/>
    <property name="os.arch" value="aarch64"/>
    <property name="java.vm.specification.name" value="Java Virtual Machine Specification"/>
    <property name="PID" value="86959"/>
    <property name="CONSOLE_LOG_CHARSET" value="UTF-8"/>
    <property name="native.encoding" value="UTF-8"/>
    <property name="java.library.path" value="/Users/wendyas/Library/Java/Extensions:/Library/Java/Extensions:/Network/Library/Java/Extensions:/System/Library/Java/Extensions:/usr/lib/java:."/>
    <property name="java.vm.info" value="mixed mode, sharing"/>
    <property name="stderr.encoding" value="UTF-8"/>
    <property name="java.vendor" value="Eclipse Adoptium"/>
    <property name="java.vm.version" value="24.0.1+9"/>
    <property name="sun.io.unicode.encoding" value="UnicodeBig"/>
    <property name="socksNonProxyHosts" value="local|*.local|169.254/16|*.169.254/16"/>
    <property name="java.class.version" value="68.0"/>
  </properties>
  <testcase name="gestiscePiuQueryConDiversiParametri" classname="it.realeites.learning.registroelettronicobackend.repository.MeseRepositoryTest$ScenariComplessiTest" time="0.012">
    <system-out><![CDATA[2025-07-09T16:46:16.684+02:00  INFO 86959 --- [           main] t.c.s.AnnotationConfigContextLoaderUtils : Could not detect default configuration classes for test class [it.realeites.learning.registroelettronicobackend.repository.MeseRepositoryTest]: MeseRepositoryTest does not declare any static, non-private, non-final, nested classes annotated with @Configuration.
2025-07-09T16:46:16.689+02:00  INFO 86959 --- [           main] .b.t.c.SpringBootTestContextBootstrapper : Found @SpringBootConfiguration it.realeites.learning.registroelettronicobackend.RegistroElettronicoApplication for test class it.realeites.learning.registroelettronicobackend.repository.MeseRepositoryTest
2025-07-09T16:46:16.691+02:00  INFO 86959 --- [           main] t.c.s.AnnotationConfigContextLoaderUtils : Could not detect default configuration classes for test class [it.realeites.learning.registroelettronicobackend.repository.MeseRepositoryTest$ScenariComplessiTest]: ScenariComplessiTest does not declare any static, non-private, non-final, nested classes annotated with @Configuration.
2025-07-09T16:46:16.694+02:00  INFO 86959 --- [           main] .b.t.c.SpringBootTestContextBootstrapper : Found @SpringBootConfiguration it.realeites.learning.registroelettronicobackend.RegistroElettronicoApplication for test class it.realeites.learning.registroelettronicobackend.repository.MeseRepositoryTest$ScenariComplessiTest

  .   ____          _            __ _ _
 /\\ / ___'_ __ _ _(_)_ __  __ _ \ \ \ \
( ( )\___ | '_ | '_| | '_ \/ _` | \ \ \ \
 \\/  ___)| |_)| | | | | || (_| |  ) ) ) )
  '  |____| .__|_| |_|_| |_\__, | / / / /
 =========|_|==============|___/=/_/_/_/

 :: Spring Boot ::                (v3.4.4)

2025-07-09T16:46:16.707+02:00  INFO 86959 --- [           main] i.r.l.r.repository.MeseRepositoryTest    : Starting MeseRepositoryTest using Java 24.0.1 with PID 86959 (started by wendyas in /Users/wendyas/Documents/RegistroElettronico_GRUPPO2)
2025-07-09T16:46:16.708+02:00  INFO 86959 --- [           main] i.r.l.r.repository.MeseRepositoryTest    : The following 1 profile is active: "test"
2025-07-09T16:46:16.741+02:00  INFO 86959 --- [           main] .s.d.r.c.RepositoryConfigurationDelegate : Bootstrapping Spring Data JPA repositories in DEFAULT mode.
2025-07-09T16:46:16.748+02:00  INFO 86959 --- [           main] .s.d.r.c.RepositoryConfigurationDelegate : Finished Spring Data repository scanning in 6 ms. Found 4 JPA repository interfaces.
2025-07-09T16:46:16.760+02:00  INFO 86959 --- [           main] beddedDataSourceBeanFactoryPostProcessor : Replacing 'dataSource' DataSource bean with embedded version
2025-07-09T16:46:16.765+02:00  INFO 86959 --- [           main] o.s.j.d.e.EmbeddedDatabaseFactory        : Starting embedded database: url='jdbc:h2:mem:9cb38940-7c8d-4857-a9b5-b89c73841dda;DB_CLOSE_DELAY=-1;DB_CLOSE_ON_EXIT=false', username='sa'
2025-07-09T16:46:16.773+02:00  INFO 86959 --- [           main] o.hibernate.jpa.internal.util.LogHelper  : HHH000204: Processing PersistenceUnitInfo [name: default]
2025-07-09T16:46:16.774+02:00  INFO 86959 --- [           main] o.h.c.internal.RegionFactoryInitiator    : HHH000026: Second-level cache disabled
2025-07-09T16:46:16.778+02:00  INFO 86959 --- [           main] o.s.o.j.p.SpringPersistenceUnitInfo      : No LoadTimeWeaver setup: ignoring JPA class transformer
2025-07-09T16:46:16.778+02:00  INFO 86959 --- [           main] org.hibernate.orm.connections.pooling    : HHH10001005: Database info:
	Database JDBC URL [Connecting through datasource 'org.springframework.jdbc.datasource.embedded.EmbeddedDatabaseFactory$EmbeddedDataSourceProxy@60b721c9']
	Database driver: undefined/unknown
	Database version: 2.3.232
	Autocommit mode: undefined/unknown
	Isolation level: undefined/unknown
	Minimum pool size: undefined/unknown
	Maximum pool size: undefined/unknown
2025-07-09T16:46:16.817+02:00  INFO 86959 --- [           main] o.h.e.t.j.p.i.JtaPlatformInitiator       : HHH000489: No JTA platform available (set 'hibernate.transaction.jta.platform' to enable JTA platform integration)
Hibernate: drop table if exists giustificativo cascade 
Hibernate: drop table if exists mese cascade 
Hibernate: drop table if exists presenza cascade 
Hibernate: drop table if exists utente cascade 
Hibernate: create table giustificativo (accettata boolean not null, id integer generated by default as identity, descrizione varchar(255), primary key (id))
Hibernate: create table mese (anno integer, id integer generated by default as identity, id_utente integer, mese_chiuso boolean, numero_mese integer, primary key (id))
Hibernate: create table presenza (approvato boolean not null, data date, id integer generated by default as identity, id_giustificativo integer, id_mese integer, id_utente integer, stato boolean, primary key (id))
Hibernate: create table utente (data_nascita date, id integer generated by default as identity, id_tutor integer, cellulare varchar(255), cognome varchar(255), email varchar(255), indirizzo varchar(255), nome varchar(255), password varchar(255), username varchar(255), ruolo enum ('TUTOR','TUTORATO'), primary key (id))
Hibernate: alter table if exists mese add constraint FKry7yig3wgt7umt62fs2dv2t0s foreign key (id_utente) references utente
Hibernate: alter table if exists presenza add constraint FK23x2n5ayu8pl04diqtx5f5wb0 foreign key (id_giustificativo) references giustificativo
Hibernate: alter table if exists presenza add constraint FK9ihyf48o9h4dtoi3a1npdkdfx foreign key (id_mese) references mese
Hibernate: alter table if exists presenza add constraint FKgy3l3tt4ymxkybyk17wuwhr8d foreign key (id_utente) references utente
Hibernate: alter table if exists utente add constraint FK68q09ja66j4bxwfw14g0i9orm foreign key (id_tutor) references utente
2025-07-09T16:46:16.822+02:00  INFO 86959 --- [           main] j.LocalContainerEntityManagerFactoryBean : Initialized JPA EntityManagerFactory for persistence unit 'default'
2025-07-09T16:46:16.855+02:00  INFO 86959 --- [           main] i.r.l.r.repository.MeseRepositoryTest    : Started MeseRepositoryTest in 0.159 seconds (process running for 3.134)
Hibernate: insert into utente (cellulare,cognome,data_nascita,email,indirizzo,nome,password,ruolo,id_tutor,username,id) values (?,?,?,?,?,?,?,?,?,?,default)
Hibernate: insert into utente (cellulare,cognome,data_nascita,email,indirizzo,nome,password,ruolo,id_tutor,username,id) values (?,?,?,?,?,?,?,?,?,?,default)
Hibernate: insert into utente (cellulare,cognome,data_nascita,email,indirizzo,nome,password,ruolo,id_tutor,username,id) values (?,?,?,?,?,?,?,?,?,?,default)
Hibernate: insert into mese (anno,mese_chiuso,numero_mese,id_utente,id) values (?,?,?,?,default)
Hibernate: insert into mese (anno,mese_chiuso,numero_mese,id_utente,id) values (?,?,?,?,default)
Hibernate: insert into mese (anno,mese_chiuso,numero_mese,id_utente,id) values (?,?,?,?,default)
Hibernate: select m1_0.id,m1_0.anno,m1_0.mese_chiuso,m1_0.numero_mese,m1_0.id_utente from mese m1_0 left join utente u1_0 on u1_0.id=m1_0.id_utente where u1_0.id=? and m1_0.numero_mese=?
Hibernate: select u1_0.id,u1_0.cellulare,u1_0.cognome,u1_0.data_nascita,u1_0.email,u1_0.indirizzo,u1_0.nome,u1_0.password,u1_0.ruolo,t1_0.id,t1_0.cellulare,t1_0.cognome,t1_0.data_nascita,t1_0.email,t1_0.indirizzo,t1_0.nome,t1_0.password,t1_0.ruolo,t1_0.id_tutor,t1_0.username,u1_0.username from utente u1_0 left join utente t1_0 on t1_0.id=u1_0.id_tutor where u1_0.id=?
Hibernate: select m1_0.id,m1_0.anno,m1_0.mese_chiuso,m1_0.numero_mese,m1_0.id_utente from mese m1_0 left join utente u1_0 on u1_0.id=m1_0.id_utente where u1_0.id=? and m1_0.numero_mese=?
Hibernate: select u1_0.id,u1_0.cellulare,u1_0.cognome,u1_0.data_nascita,u1_0.email,u1_0.indirizzo,u1_0.nome,u1_0.password,u1_0.ruolo,t1_0.id,t1_0.cellulare,t1_0.cognome,t1_0.data_nascita,t1_0.email,t1_0.indirizzo,t1_0.nome,t1_0.password,t1_0.ruolo,t1_0.id_tutor,t1_0.username,u1_0.username from utente u1_0 left join utente t1_0 on t1_0.id=u1_0.id_tutor where u1_0.id=?
Hibernate: select m1_0.id,m1_0.anno,m1_0.mese_chiuso,m1_0.numero_mese,m1_0.id_utente from mese m1_0 left join utente u1_0 on u1_0.id=m1_0.id_utente where u1_0.id=? and m1_0.numero_mese=?
]]></system-out>
  </testcase>
  <testcase name="aggiornamentiBatchMese" classname="it.realeites.learning.registroelettronicobackend.repository.MeseRepositoryTest$ScenariComplessiTest" time="0.012">
    <system-out><![CDATA[Hibernate: insert into utente (cellulare,cognome,data_nascita,email,indirizzo,nome,password,ruolo,id_tutor,username,id) values (?,?,?,?,?,?,?,?,?,?,default)
Hibernate: insert into utente (cellulare,cognome,data_nascita,email,indirizzo,nome,password,ruolo,id_tutor,username,id) values (?,?,?,?,?,?,?,?,?,?,default)
Hibernate: insert into utente (cellulare,cognome,data_nascita,email,indirizzo,nome,password,ruolo,id_tutor,username,id) values (?,?,?,?,?,?,?,?,?,?,default)
Hibernate: insert into mese (anno,mese_chiuso,numero_mese,id_utente,id) values (?,?,?,?,default)
Hibernate: insert into mese (anno,mese_chiuso,numero_mese,id_utente,id) values (?,?,?,?,default)
Hibernate: insert into mese (anno,mese_chiuso,numero_mese,id_utente,id) values (?,?,?,?,default)
Hibernate: select m1_0.id,m1_0.anno,m1_0.mese_chiuso,m1_0.numero_mese,m1_0.id_utente from mese m1_0
Hibernate: select u1_0.id,u1_0.cellulare,u1_0.cognome,u1_0.data_nascita,u1_0.email,u1_0.indirizzo,u1_0.nome,u1_0.password,u1_0.ruolo,t1_0.id,t1_0.cellulare,t1_0.cognome,t1_0.data_nascita,t1_0.email,t1_0.indirizzo,t1_0.nome,t1_0.password,t1_0.ruolo,t1_0.id_tutor,t1_0.username,u1_0.username from utente u1_0 left join utente t1_0 on t1_0.id=u1_0.id_tutor where u1_0.id=?
Hibernate: select u1_0.id,u1_0.cellulare,u1_0.cognome,u1_0.data_nascita,u1_0.email,u1_0.indirizzo,u1_0.nome,u1_0.password,u1_0.ruolo,t1_0.id,t1_0.cellulare,t1_0.cognome,t1_0.data_nascita,t1_0.email,t1_0.indirizzo,t1_0.nome,t1_0.password,t1_0.ruolo,t1_0.id_tutor,t1_0.username,u1_0.username from utente u1_0 left join utente t1_0 on t1_0.id=u1_0.id_tutor where u1_0.id=?
Hibernate: update mese set anno=?,mese_chiuso=?,numero_mese=?,id_utente=? where id=?
Hibernate: update mese set anno=?,mese_chiuso=?,numero_mese=?,id_utente=? where id=?
Hibernate: select m1_0.id,m1_0.anno,m1_0.mese_chiuso,m1_0.numero_mese,m1_0.id_utente from mese m1_0
]]></system-out>
  </testcase>
  <testcase name="gestiscePiuMesiPerStessoUtente" classname="it.realeites.learning.registroelettronicobackend.repository.MeseRepositoryTest$ScenariComplessiTest" time="0.006">
    <system-out><![CDATA[Hibernate: insert into utente (cellulare,cognome,data_nascita,email,indirizzo,nome,password,ruolo,id_tutor,username,id) values (?,?,?,?,?,?,?,?,?,?,default)
Hibernate: insert into utente (cellulare,cognome,data_nascita,email,indirizzo,nome,password,ruolo,id_tutor,username,id) values (?,?,?,?,?,?,?,?,?,?,default)
Hibernate: insert into utente (cellulare,cognome,data_nascita,email,indirizzo,nome,password,ruolo,id_tutor,username,id) values (?,?,?,?,?,?,?,?,?,?,default)
Hibernate: insert into mese (anno,mese_chiuso,numero_mese,id_utente,id) values (?,?,?,?,default)
Hibernate: insert into mese (anno,mese_chiuso,numero_mese,id_utente,id) values (?,?,?,?,default)
Hibernate: insert into mese (anno,mese_chiuso,numero_mese,id_utente,id) values (?,?,?,?,default)
Hibernate: select m1_0.id,m1_0.anno,m1_0.mese_chiuso,m1_0.numero_mese,m1_0.id_utente from mese m1_0
Hibernate: select u1_0.id,u1_0.cellulare,u1_0.cognome,u1_0.data_nascita,u1_0.email,u1_0.indirizzo,u1_0.nome,u1_0.password,u1_0.ruolo,t1_0.id,t1_0.cellulare,t1_0.cognome,t1_0.data_nascita,t1_0.email,t1_0.indirizzo,t1_0.nome,t1_0.password,t1_0.ruolo,t1_0.id_tutor,t1_0.username,u1_0.username from utente u1_0 left join utente t1_0 on t1_0.id=u1_0.id_tutor where u1_0.id=?
Hibernate: select u1_0.id,u1_0.cellulare,u1_0.cognome,u1_0.data_nascita,u1_0.email,u1_0.indirizzo,u1_0.nome,u1_0.password,u1_0.ruolo,t1_0.id,t1_0.cellulare,t1_0.cognome,t1_0.data_nascita,t1_0.email,t1_0.indirizzo,t1_0.nome,t1_0.password,t1_0.ruolo,t1_0.id_tutor,t1_0.username,u1_0.username from utente u1_0 left join utente t1_0 on t1_0.id=u1_0.id_tutor where u1_0.id=?
]]></system-out>
  </testcase>
</testsuite>